2025-12-09 21:59:57,927 INFO: Microblog startup [in C:\Python\PythonFlask-Microblog\app\__init__.py:43]
2025-12-09 22:00:08,495 ERROR: Exception on /edit_profile [POST] [in C:\Python\PythonFlask-Microblog\venv\lib\site-packages\flask\app.py:875]
Traceback (most recent call last):
  File "C:\Python\PythonFlask-Microblog\venv\lib\site-packages\sqlalchemy\engine\base.py", line 1967, in _exec_single_context
    self.dialect.do_execute(
  File "C:\Python\PythonFlask-Microblog\venv\lib\site-packages\sqlalchemy\engine\default.py", line 951, in do_execute
    cursor.execute(statement, parameters)
sqlite3.IntegrityError: UNIQUE constraint failed: user.username

The above exception was the direct cause of the following exception:

Traceback (most recent call last):
  File "C:\Python\PythonFlask-Microblog\venv\lib\site-packages\flask\app.py", line 1511, in wsgi_app
    response = self.full_dispatch_request()
  File "C:\Python\PythonFlask-Microblog\venv\lib\site-packages\flask\app.py", line 919, in full_dispatch_request
    rv = self.handle_user_exception(e)
  File "C:\Python\PythonFlask-Microblog\venv\lib\site-packages\flask\app.py", line 917, in full_dispatch_request
    rv = self.dispatch_request()
  File "C:\Python\PythonFlask-Microblog\venv\lib\site-packages\flask\app.py", line 902, in dispatch_request
    return self.ensure_sync(self.view_functions[rule.endpoint])(**view_args)  # type: ignore[no-any-return]
  File "C:\Python\PythonFlask-Microblog\venv\lib\site-packages\flask_login\utils.py", line 290, in decorated_view
    return current_app.ensure_sync(func)(*args, **kwargs)
  File "C:\Python\PythonFlask-Microblog\app\routes.py", line 91, in edit_profile
    db.session.commit()
  File "C:\Python\PythonFlask-Microblog\venv\lib\site-packages\sqlalchemy\orm\scoping.py", line 597, in commit
    return self._proxied.commit()
  File "C:\Python\PythonFlask-Microblog\venv\lib\site-packages\sqlalchemy\orm\session.py", line 2030, in commit
    trans.commit(_to_root=True)
  File "<string>", line 2, in commit
  File "C:\Python\PythonFlask-Microblog\venv\lib\site-packages\sqlalchemy\orm\state_changes.py", line 137, in _go
    ret_value = fn(self, *arg, **kw)
  File "C:\Python\PythonFlask-Microblog\venv\lib\site-packages\sqlalchemy\orm\session.py", line 1311, in commit
    self._prepare_impl()
  File "<string>", line 2, in _prepare_impl
  File "C:\Python\PythonFlask-Microblog\venv\lib\site-packages\sqlalchemy\orm\state_changes.py", line 137, in _go
    ret_value = fn(self, *arg, **kw)
  File "C:\Python\PythonFlask-Microblog\venv\lib\site-packages\sqlalchemy\orm\session.py", line 1286, in _prepare_impl
    self.session.flush()
  File "C:\Python\PythonFlask-Microblog\venv\lib\site-packages\sqlalchemy\orm\session.py", line 4331, in flush
    self._flush(objects)
  File "C:\Python\PythonFlask-Microblog\venv\lib\site-packages\sqlalchemy\orm\session.py", line 4466, in _flush
    with util.safe_reraise():
  File "C:\Python\PythonFlask-Microblog\venv\lib\site-packages\sqlalchemy\util\langhelpers.py", line 224, in __exit__
    raise exc_value.with_traceback(exc_tb)
  File "C:\Python\PythonFlask-Microblog\venv\lib\site-packages\sqlalchemy\orm\session.py", line 4427, in _flush
    flush_context.execute()
  File "C:\Python\PythonFlask-Microblog\venv\lib\site-packages\sqlalchemy\orm\unitofwork.py", line 466, in execute
    rec.execute(self)
  File "C:\Python\PythonFlask-Microblog\venv\lib\site-packages\sqlalchemy\orm\unitofwork.py", line 642, in execute
    util.preloaded.orm_persistence.save_obj(
  File "C:\Python\PythonFlask-Microblog\venv\lib\site-packages\sqlalchemy\orm\persistence.py", line 85, in save_obj
    _emit_update_statements(
  File "C:\Python\PythonFlask-Microblog\venv\lib\site-packages\sqlalchemy\orm\persistence.py", line 912, in _emit_update_statements
    c = connection.execute(
  File "C:\Python\PythonFlask-Microblog\venv\lib\site-packages\sqlalchemy\engine\base.py", line 1419, in execute
    return meth(
  File "C:\Python\PythonFlask-Microblog\venv\lib\site-packages\sqlalchemy\sql\elements.py", line 526, in _execute_on_connection
    return connection._execute_clauseelement(
  File "C:\Python\PythonFlask-Microblog\venv\lib\site-packages\sqlalchemy\engine\base.py", line 1641, in _execute_clauseelement
    ret = self._execute_context(
  File "C:\Python\PythonFlask-Microblog\venv\lib\site-packages\sqlalchemy\engine\base.py", line 1846, in _execute_context
    return self._exec_single_context(
  File "C:\Python\PythonFlask-Microblog\venv\lib\site-packages\sqlalchemy\engine\base.py", line 1986, in _exec_single_context
    self._handle_dbapi_exception(
  File "C:\Python\PythonFlask-Microblog\venv\lib\site-packages\sqlalchemy\engine\base.py", line 2355, in _handle_dbapi_exception
    raise sqlalchemy_exception.with_traceback(exc_info[2]) from e
  File "C:\Python\PythonFlask-Microblog\venv\lib\site-packages\sqlalchemy\engine\base.py", line 1967, in _exec_single_context
    self.dialect.do_execute(
  File "C:\Python\PythonFlask-Microblog\venv\lib\site-packages\sqlalchemy\engine\default.py", line 951, in do_execute
    cursor.execute(statement, parameters)
sqlalchemy.exc.IntegrityError: (sqlite3.IntegrityError) UNIQUE constraint failed: user.username
[SQL: UPDATE user SET username=?, about_me=? WHERE user.id = ?]
[parameters: ('susan', '', 2)]
(Background on this error at: https://sqlalche.me/e/20/gkpj)
2025-12-14 22:26:11,585 INFO: Microblog startup [in C:\Python\PythonFlask-Microblog\app\__init__.py:43]
2025-12-14 22:33:26,515 INFO: Microblog startup [in C:\Python\PythonFlask-Microblog\app\__init__.py:43]
2025-12-14 22:48:02,045 INFO: Microblog startup [in C:\Python\PythonFlask-Microblog\app\__init__.py:43]
2025-12-14 22:48:15,802 INFO: Microblog startup [in C:\Python\PythonFlask-Microblog\app\__init__.py:43]
2025-12-14 22:49:06,963 INFO: Microblog startup [in C:\Python\PythonFlask-Microblog\app\__init__.py:43]
2025-12-14 22:49:43,064 INFO: Microblog startup [in C:\Python\PythonFlask-Microblog\app\__init__.py:43]
2025-12-14 22:54:14,416 INFO: Microblog startup [in C:\Python\PythonFlask-Microblog\app\__init__.py:43]
2026-01-27 22:19:53,391 INFO: Microblog startup [in C:\Python\PythonFlask-Microblog\app\__init__.py:95]
2026-01-27 22:39:10,618 INFO: Microblog startup [in C:\Python\PythonFlask-Microblog\app\__init__.py:95]
